[debug] [2018-05-16T23:56:10.025Z] ----------------------------------------------------------------------
[debug] [2018-05-16T23:56:10.028Z] Command:       C:\Program Files\nodejs\node.exe C:\Users\Ethan\AppData\Roaming\npm\node_modules\firebase-tools\bin\firebase serve
[debug] [2018-05-16T23:56:10.028Z] CLI Version:   3.18.4
[debug] [2018-05-16T23:56:10.028Z] Platform:      win32
[debug] [2018-05-16T23:56:10.028Z] Node Version:  v8.11.1
[debug] [2018-05-16T23:56:10.029Z] Time:          Wed May 16 2018 16:56:10 GMT-0700 (Pacific Daylight Time)
[debug] [2018-05-16T23:56:10.029Z] ----------------------------------------------------------------------
[debug] 
[debug] [2018-05-16T23:56:10.042Z] > command requires scopes: ["email","openid","https://www.googleapis.com/auth/cloudplatformprojects.readonly","https://www.googleapis.com/auth/firebase","https://www.googleapis.com/auth/cloud-platform"]
[debug] [2018-05-16T23:56:10.043Z] > authorizing via signed-in user
[debug] [2018-05-16T23:56:10.045Z] >>> HTTP REQUEST GET https://admin.firebase.com/v1/projects/gps-app-c31df  
  
 Wed May 16 2018 16:56:10 GMT-0700 (Pacific Daylight Time)
[debug] [2018-05-16T23:56:10.573Z] <<< HTTP RESPONSE 200
[debug] [2018-05-16T23:56:10.574Z] >>> HTTP REQUEST GET https://admin.firebase.com/v1/database/gps-app-c31df/tokens  
  
 Wed May 16 2018 16:56:10 GMT-0700 (Pacific Daylight Time)
[debug] [2018-05-16T23:56:11.013Z] <<< HTTP RESPONSE 200
[debug] [2018-05-16T23:56:11.014Z] >>> HTTP REQUEST GET https://cloudresourcemanager.googleapis.com/v1/projects/gps-app-c31df  
  
 Wed May 16 2018 16:56:11 GMT-0700 (Pacific Daylight Time)
[debug] [2018-05-16T23:56:11.404Z] <<< HTTP RESPONSE 200
[info] 
[info] === Serving from 'C:\Users\Ethan\Code\watshout.github.io'...
[info] 
[debug] [2018-05-16T23:56:11.406Z] >>> HTTP REQUEST GET https://mobilesdk-pa.googleapis.com/v1/projects/675799163706/clients/_:getWebAppConfig  
  
 Wed May 16 2018 16:56:11 GMT-0700 (Pacific Daylight Time)
[debug] [2018-05-16T23:56:11.702Z] <<< HTTP RESPONSE 200
[info] i  hosting: Serving hosting files from: public
[info] +  hosting: Local server: http://localhost:5000

